<?xml version="1.0" encoding="UTF-8"?>
<testng-results ignored="0" total="2" passed="1" failed="1" skipped="0">
  <reporter-output>
  </reporter-output>
  <suite started-at="2023-08-18T07:53:04 GMT" name="Default suite" finished-at="2023-08-18T07:53:20 GMT" duration-ms="16006">
    <groups>
    </groups>
    <test started-at="2023-08-18T07:53:04 GMT" name="Default test" finished-at="2023-08-18T07:53:20 GMT" duration-ms="16006">
      <class name="parallelScripts.googlepagetest">
        <test-method is-config="true" signature="setupExtent()[pri:0, instance:parallelScripts.googlepagetest@22e357dc]" started-at="2023-08-18T07:53:04 GMT" name="setupExtent" finished-at="2023-08-18T07:53:04 GMT" duration-ms="377" status="PASS">
          <reporter-output>
          </reporter-output>
        </test-method> <!-- setupExtent -->
        <test-method signature="searchJavaTest()[pri:0, instance:parallelScripts.googlepagetest@22e357dc]" started-at="2023-08-18T07:53:04 GMT" name="searchJavaTest" finished-at="2023-08-18T07:53:13 GMT" duration-ms="9303" status="PASS">
          <reporter-output>
          </reporter-output>
        </test-method> <!-- searchJavaTest -->
        <test-method is-config="true" signature="tearDown(org.testng.ITestResult)[pri:0, instance:parallelScripts.googlepagetest@22e357dc]" started-at="2023-08-18T07:53:13 GMT" name="tearDown" finished-at="2023-08-18T07:53:13 GMT" duration-ms="3" status="PASS">
          <params>
            <param index="0">
              <value>
                <![CDATA[[TestResult name=searchJavaTest status=SUCCESS method=googlepagetest.searchJavaTest()[pri:0, instance:parallelScripts.googlepagetest@22e357dc] output={null}]]]>
              </value>
            </param>
          </params>
          <reporter-output>
          </reporter-output>
        </test-method> <!-- tearDown -->
        <test-method signature="searchJavaTestOne()[pri:0, instance:parallelScripts.googlepagetest@22e357dc]" started-at="2023-08-18T07:53:13 GMT" name="searchJavaTestOne" finished-at="2023-08-18T07:53:19 GMT" duration-ms="5572" status="FAIL">
          <exception class="java.lang.AssertionError">
            <message>
              <![CDATA[expected [selenium Tutorial - Google Search Page] but found [selenium Tutorial - Google Search]]]>
            </message>
            <full-stacktrace>
              <![CDATA[java.lang.AssertionError: expected [selenium Tutorial - Google Search Page] but found [selenium Tutorial - Google Search]
at org.testng.Assert.fail(Assert.java:99)
at org.testng.Assert.failNotEquals(Assert.java:1037)
at org.testng.Assert.assertEqualsImpl(Assert.java:140)
at org.testng.Assert.assertEquals(Assert.java:122)
at org.testng.Assert.assertEquals(Assert.java:629)
at org.testng.Assert.assertEquals(Assert.java:639)
at parallelScripts.googlepagetest.searchJavaTestOne(googlepagetest.java:87)
at java.base/jdk.internal.reflect.NativeMethodAccessorImpl.invoke0(Native Method)
at java.base/jdk.internal.reflect.NativeMethodAccessorImpl.invoke(NativeMethodAccessorImpl.java:78)
at java.base/jdk.internal.reflect.DelegatingMethodAccessorImpl.invoke(DelegatingMethodAccessorImpl.java:43)
at java.base/java.lang.reflect.Method.invoke(Method.java:567)
at org.testng.internal.MethodInvocationHelper.invokeMethod(MethodInvocationHelper.java:132)
at org.testng.internal.TestInvoker.invokeMethod(TestInvoker.java:599)
at org.testng.internal.TestInvoker.invokeTestMethod(TestInvoker.java:174)
at org.testng.internal.MethodRunner.runInSequence(MethodRunner.java:46)
at org.testng.internal.TestInvoker$MethodInvocationAgent.invoke(TestInvoker.java:822)
at org.testng.internal.TestInvoker.invokeTestMethods(TestInvoker.java:147)
at org.testng.internal.TestMethodWorker.invokeTestMethods(TestMethodWorker.java:146)
at org.testng.internal.TestMethodWorker.run(TestMethodWorker.java:128)
at java.base/java.util.ArrayList.forEach(ArrayList.java:1511)
at org.testng.TestRunner.privateRun(TestRunner.java:764)
at org.testng.TestRunner.run(TestRunner.java:585)
at org.testng.SuiteRunner.runTest(SuiteRunner.java:384)
at org.testng.SuiteRunner.runSequentially(SuiteRunner.java:378)
at org.testng.SuiteRunner.privateRun(SuiteRunner.java:337)
at org.testng.SuiteRunner.run(SuiteRunner.java:286)
at org.testng.SuiteRunnerWorker.runSuite(SuiteRunnerWorker.java:53)
at org.testng.SuiteRunnerWorker.run(SuiteRunnerWorker.java:96)
at org.testng.TestNG.runSuitesSequentially(TestNG.java:1218)
at org.testng.TestNG.runSuitesLocally(TestNG.java:1140)
at org.testng.TestNG.runSuites(TestNG.java:1069)
at org.testng.TestNG.run(TestNG.java:1037)
at org.testng.remote.AbstractRemoteTestNG.run(AbstractRemoteTestNG.java:115)
at org.testng.remote.RemoteTestNG.initAndRun(RemoteTestNG.java:251)
at org.testng.remote.RemoteTestNG.main(RemoteTestNG.java:77)
]]>
            </full-stacktrace>
          </exception> <!-- java.lang.AssertionError -->
          <reporter-output>
          </reporter-output>
        </test-method> <!-- searchJavaTestOne -->
        <test-method is-config="true" signature="tearDown(org.testng.ITestResult)[pri:0, instance:parallelScripts.googlepagetest@22e357dc]" started-at="2023-08-18T07:53:19 GMT" name="tearDown" finished-at="2023-08-18T07:53:19 GMT" duration-ms="269" status="PASS">
          <params>
            <param index="0">
              <value>
                <![CDATA[[TestResult name=searchJavaTestOne status=FAILURE method=googlepagetest.searchJavaTestOne()[pri:0, instance:parallelScripts.googlepagetest@22e357dc] output={null}]]]>
              </value>
            </param>
          </params>
          <reporter-output>
          </reporter-output>
        </test-method> <!-- tearDown -->
        <test-method is-config="true" signature="finishExtent()[pri:0, instance:parallelScripts.googlepagetest@22e357dc]" started-at="2023-08-18T07:53:19 GMT" name="finishExtent" finished-at="2023-08-18T07:53:20 GMT" duration-ms="442" status="PASS">
          <reporter-output>
          </reporter-output>
        </test-method> <!-- finishExtent -->
      </class> <!-- parallelScripts.googlepagetest -->
    </test> <!-- Default test -->
  </suite> <!-- Default suite -->
</testng-results>
