<?xml version="1.0" encoding="UTF-8"?>
<!-- Generated by org.testng.reporters.JUnitXMLReporter -->
<testsuite ignored="0" hostname="EC2AMAZ-S11DBRH" failures="1" tests="1" name="Test1" time="6.77" errors="0" timestamp="2023-08-17T05:59:37 GMT">
  <testcase classname="testngscripts.SamoleOneTest" name="searchCypressTest" time="6.723">
    <failure type="java.lang.AssertionError" message="expected [Cypresss Tutorial - Google Search] but found [Cypress Tutorial - Google Search]">
      <![CDATA[java.lang.AssertionError: expected [Cypresss Tutorial - Google Search] but found [Cypress Tutorial - Google Search]
at testngscripts.SamoleOneTest.searchCypressTest(SamoleOneTest.java:28)
at java.base/java.util.ArrayList.forEach(ArrayList.java:1511)
... Removed 33 stack frames]]>
    </failure>
  </testcase> <!-- searchCypressTest -->
</testsuite> <!-- Test1 -->
