<?xml version="1.0" encoding="UTF-8"?>
<!-- Generated by org.testng.reporters.JUnitXMLReporter -->
<testsuite ignored="0" hostname="EC2AMAZ-S11DBRH" failures="3" tests="4" name="Test1" time="11.879" errors="0" timestamp="2023-08-18T06:02:38 GMT">
  <testcase classname="parallelScripts.googlepagetest" name="searchJavaTest" time="9.811"/>
  <testcase classname="parallelScripts.googlepagetest" name="searchJavaTestOne" time="2.018">
    <failure type="org.testng.internal.thread.ThreadTimeoutException" message="Method parallelScripts.googlepagetest.searchJavaTestOne() didn&amp;apos;t finish within the time-out 2000">
      <![CDATA[org.testng.internal.thread.ThreadTimeoutException: Method parallelScripts.googlepagetest.searchJavaTestOne() didn't finish within the time-out 2000
at java.base/java.util.concurrent.FutureTask.run(FutureTask.java:264)
at java.base/java.util.concurrent.ThreadPoolExecutor.runWorker(ThreadPoolExecutor.java:1130)
at java.base/java.util.concurrent.ThreadPoolExecutor$Worker.run(ThreadPoolExecutor.java:630)
at java.base/java.lang.Thread.run(Thread.java:831)
... Removed 10 stack frames]]>
    </failure>
  </testcase> <!-- searchJavaTestOne -->
  <testcase classname="parallelScripts.googlepagetest" name="searchJavaTestOne" time="2.055">
    <failure type="java.lang.InterruptedException">
      <![CDATA[java.lang.InterruptedException
at java.base/java.util.concurrent.locks.AbstractQueuedSynchronizer$ConditionObject.awaitNanos(AbstractQueuedSynchronizer.java:1668)
at java.base/java.util.concurrent.ThreadPoolExecutor.awaitTermination(ThreadPoolExecutor.java:1456)
at java.base/java.util.concurrent.FutureTask.run(FutureTask.java:264)
at java.base/java.util.concurrent.ThreadPoolExecutor.runWorker(ThreadPoolExecutor.java:1130)
at java.base/java.util.concurrent.ThreadPoolExecutor$Worker.run(ThreadPoolExecutor.java:630)
at java.base/java.lang.Thread.run(Thread.java:831)
... Removed 10 stack frames]]>
    </failure>
  </testcase> <!-- searchJavaTestOne -->
  <testcase classname="parallelScripts.googlepagetest" name="searchJavaTestOne" time="2.058">
    <failure type="java.lang.InterruptedException">
      <![CDATA[java.lang.InterruptedException
at java.base/java.util.concurrent.locks.AbstractQueuedSynchronizer$ConditionObject.awaitNanos(AbstractQueuedSynchronizer.java:1668)
at java.base/java.util.concurrent.ThreadPoolExecutor.awaitTermination(ThreadPoolExecutor.java:1456)
at java.base/java.util.concurrent.FutureTask.run(FutureTask.java:264)
at java.base/java.util.concurrent.ThreadPoolExecutor.runWorker(ThreadPoolExecutor.java:1130)
at java.base/java.util.concurrent.ThreadPoolExecutor$Worker.run(ThreadPoolExecutor.java:630)
at java.base/java.lang.Thread.run(Thread.java:831)
... Removed 10 stack frames]]>
    </failure>
  </testcase> <!-- searchJavaTestOne -->
</testsuite> <!-- Test1 -->
