<?xml version="1.0" encoding="UTF-8"?>
<!-- Generated by org.testng.reporters.JUnitXMLReporter -->
<testsuite ignored="0" hostname="EC2AMAZ-S11DBRH" failures="0" tests="3" name="Test" time="19.864" errors="0" timestamp="2023-08-17T05:20:08 GMT">
  <testcase classname="testngscripts.SamoleOneTest" name="searchCypressTest" time="7.988"/>
  <testcase classname="testngscripts.googlepagetest" name="searchJavaTest" time="6.488"/>
  <testcase classname="testngscripts.googlepagetest" name="searchJavaTestOne" time="5.34"/>
</testsuite> <!-- Test -->
